c:\users\jamie\source\repos\robby\robbytherobot\robbytherobot\release\vc142.pdb
c:\users\jamie\source\repos\robby\robbytherobot\robbytherobot\release\robby_test.obj
c:\users\jamie\source\repos\robby\robbytherobot\robbytherobot\release\robby_maze_arrays.obj
c:\users\jamie\source\repos\robby\robbytherobot\robbytherobot\release\tut3_7.obj
c:\users\jamie\source\repos\robby\robbytherobot\release\robbytherobot.exe
c:\users\jamie\source\repos\robby\robbytherobot\release\robbytherobot.pdb
c:\users\jamie\source\repos\robby\robbytherobot\release\robbytherobot.ipdb
c:\users\jamie\source\repos\robby\robbytherobot\release\robbytherobot.iobj
c:\users\1902617\downloads\robbytherobot\robbytherobot\release\main.obj
c:\users\1902617\downloads\robbytherobot\robbytherobot\release\robby_maze_arrays.obj
c:\users\1902617\downloads\robbytherobot\robbytherobot\release\robby_test.obj
c:\users\1902617\downloads\robbytherobot\robbytherobot\release\source.obj
c:\users\1902617\downloads\robbytherobot\robbytherobot\release\tut.obj
c:\users\1902617\downloads\robbytherobot\robbytherobot\release\tut3_7.obj
c:\users\1902617\downloads\robbytherobot\robbytherobot\release\vc142.pdb
c:\users\1902617\downloads\robbytherobot\release\robbytherobot.pdb
c:\users\1902617\downloads\robbytherobot\release\robbytherobot.exe
c:\users\1902617\downloads\robbytherobot\robbytherobot\release\robbytherobot.tlog\cl.command.1.tlog
c:\users\1902617\downloads\robbytherobot\robbytherobot\release\robbytherobot.tlog\cl.read.1.tlog
c:\users\1902617\downloads\robbytherobot\robbytherobot\release\robbytherobot.tlog\cl.write.1.tlog
c:\users\1902617\downloads\robbytherobot\robbytherobot\release\robbytherobot.tlog\link.command.1.tlog
c:\users\1902617\downloads\robbytherobot\robbytherobot\release\robbytherobot.tlog\link.delete.1.tlog
c:\users\1902617\downloads\robbytherobot\robbytherobot\release\robbytherobot.tlog\link.read.1.tlog
c:\users\1902617\downloads\robbytherobot\robbytherobot\release\robbytherobot.tlog\link.write.1.tlog
c:\users\1902617\downloads\robbytherobot\robbytherobot\release\robbytherobot.tlog\robbytherobot.write.1u.tlog
